Started GET "/accounts/new" for 127.0.0.1 at 2017-07-09 20:36:26 +0200
  
ActionController::RoutingError (No route matches [GET] "/accounts/new"):
  
actionpack (5.1.2) lib/action_dispatch/middleware/debug_exceptions.rb:63:in `call'
web-console (3.5.1) lib/web_console/middleware.rb:135:in `call_app'
web-console (3.5.1) lib/web_console/middleware.rb:28:in `block in call'
web-console (3.5.1) lib/web_console/middleware.rb:18:in `catch'
web-console (3.5.1) lib/web_console/middleware.rb:18:in `call'
actionpack (5.1.2) lib/action_dispatch/middleware/show_exceptions.rb:31:in `call'
railties (5.1.2) lib/rails/rack/logger.rb:36:in `call_app'
railties (5.1.2) lib/rails/rack/logger.rb:24:in `block in call'
activesupport (5.1.2) lib/active_support/tagged_logging.rb:69:in `block in tagged'
activesupport (5.1.2) lib/active_support/tagged_logging.rb:26:in `tagged'
activesupport (5.1.2) lib/active_support/tagged_logging.rb:69:in `tagged'
railties (5.1.2) lib/rails/rack/logger.rb:24:in `call'
sprockets-rails (3.2.0) lib/sprockets/rails/quiet_assets.rb:13:in `call'
actionpack (5.1.2) lib/action_dispatch/middleware/remote_ip.rb:79:in `call'
actionpack (5.1.2) lib/action_dispatch/middleware/request_id.rb:25:in `call'
rack (2.0.3) lib/rack/method_override.rb:22:in `call'
rack (2.0.3) lib/rack/runtime.rb:22:in `call'
activesupport (5.1.2) lib/active_support/cache/strategy/local_cache_middleware.rb:27:in `call'
actionpack (5.1.2) lib/action_dispatch/middleware/executor.rb:12:in `call'
actionpack (5.1.2) lib/action_dispatch/middleware/static.rb:125:in `call'
rack (2.0.3) lib/rack/sendfile.rb:111:in `call'
railties (5.1.2) lib/rails/engine.rb:522:in `call'
puma (3.9.1) lib/puma/configuration.rb:224:in `call'
puma (3.9.1) lib/puma/server.rb:602:in `handle_request'
puma (3.9.1) lib/puma/server.rb:435:in `process_client'
puma (3.9.1) lib/puma/server.rb:299:in `block in run'
puma (3.9.1) lib/puma/thread_pool.rb:120:in `block in spawn_thread'
Started GET "/accounts" for 127.0.0.1 at 2017-07-09 20:36:32 +0200
  
ActionController::RoutingError (No route matches [GET] "/accounts"):
  
actionpack (5.1.2) lib/action_dispatch/middleware/debug_exceptions.rb:63:in `call'
web-console (3.5.1) lib/web_console/middleware.rb:135:in `call_app'
web-console (3.5.1) lib/web_console/middleware.rb:28:in `block in call'
web-console (3.5.1) lib/web_console/middleware.rb:18:in `catch'
web-console (3.5.1) lib/web_console/middleware.rb:18:in `call'
actionpack (5.1.2) lib/action_dispatch/middleware/show_exceptions.rb:31:in `call'
railties (5.1.2) lib/rails/rack/logger.rb:36:in `call_app'
railties (5.1.2) lib/rails/rack/logger.rb:24:in `block in call'
activesupport (5.1.2) lib/active_support/tagged_logging.rb:69:in `block in tagged'
activesupport (5.1.2) lib/active_support/tagged_logging.rb:26:in `tagged'
activesupport (5.1.2) lib/active_support/tagged_logging.rb:69:in `tagged'
railties (5.1.2) lib/rails/rack/logger.rb:24:in `call'
sprockets-rails (3.2.0) lib/sprockets/rails/quiet_assets.rb:13:in `call'
actionpack (5.1.2) lib/action_dispatch/middleware/remote_ip.rb:79:in `call'
actionpack (5.1.2) lib/action_dispatch/middleware/request_id.rb:25:in `call'
rack (2.0.3) lib/rack/method_override.rb:22:in `call'
rack (2.0.3) lib/rack/runtime.rb:22:in `call'
activesupport (5.1.2) lib/active_support/cache/strategy/local_cache_middleware.rb:27:in `call'
actionpack (5.1.2) lib/action_dispatch/middleware/executor.rb:12:in `call'
actionpack (5.1.2) lib/action_dispatch/middleware/static.rb:125:in `call'
rack (2.0.3) lib/rack/sendfile.rb:111:in `call'
railties (5.1.2) lib/rails/engine.rb:522:in `call'
puma (3.9.1) lib/puma/configuration.rb:224:in `call'
puma (3.9.1) lib/puma/server.rb:602:in `handle_request'
puma (3.9.1) lib/puma/server.rb:435:in `process_client'
puma (3.9.1) lib/puma/server.rb:299:in `block in run'
puma (3.9.1) lib/puma/thread_pool.rb:120:in `block in spawn_thread'
  [1m[35m (0.1ms)[0m  [1m[34mSELECT sqlite_version(*)[0m
  [1m[35m (38.2ms)[0m  [1m[35mCREATE TABLE "schema_migrations" ("version" varchar NOT NULL PRIMARY KEY)[0m
  [1m[35m (21.9ms)[0m  [1m[35mCREATE TABLE "ar_internal_metadata" ("key" varchar NOT NULL PRIMARY KEY, "value" varchar, "created_at" datetime NOT NULL, "updated_at" datetime NOT NULL)[0m
  [1m[35m (0.1ms)[0m  [1m[34mSELECT "schema_migrations"."version" FROM "schema_migrations" ORDER BY "schema_migrations"."version" ASC[0m
Migrating to CreateAccounts (20170709184710)
  [1m[35m (0.0ms)[0m  [1m[36mbegin transaction[0m
  [1m[35m (0.3ms)[0m  [1m[35mCREATE TABLE "accounts" ("id" INTEGER PRIMARY KEY AUTOINCREMENT NOT NULL, "name" varchar, "created_at" datetime NOT NULL, "updated_at" datetime NOT NULL)[0m
  [1m[35mSQL (0.1ms)[0m  [1m[32mINSERT INTO "schema_migrations" ("version") VALUES (?)[0m  [["version", "20170709184710"]]
  [1m[35m (34.2ms)[0m  [1m[36mcommit transaction[0m
  [1m[36mActiveRecord::InternalMetadata Load (0.1ms)[0m  [1m[34mSELECT  "ar_internal_metadata".* FROM "ar_internal_metadata" WHERE "ar_internal_metadata"."key" = ? LIMIT ?[0m  [["key", "environment"], ["LIMIT", 1]]
  [1m[35m (0.1ms)[0m  [1m[36mbegin transaction[0m
  [1m[35mSQL (0.2ms)[0m  [1m[32mINSERT INTO "ar_internal_metadata" ("key", "value", "created_at", "updated_at") VALUES (?, ?, ?, ?)[0m  [["key", "environment"], ["value", "development"], ["created_at", "2017-07-09 18:47:28.092470"], ["updated_at", "2017-07-09 18:47:28.092470"]]
  [1m[35m (28.5ms)[0m  [1m[36mcommit transaction[0m
  [1m[35m (0.6ms)[0m  [1m[34mSELECT "schema_migrations"."version" FROM "schema_migrations" ORDER BY "schema_migrations"."version" ASC[0m
Started GET "/accounts" for 127.0.0.1 at 2017-07-09 20:47:35 +0200
  [1m[35m (0.1ms)[0m  [1m[34mSELECT "schema_migrations"."version" FROM "schema_migrations" ORDER BY "schema_migrations"."version" ASC[0m
Processing by AccountsController#index as HTML
  Rendering accounts/index.html.erb within layouts/application
  [1m[36mAccount Load (0.2ms)[0m  [1m[34mSELECT "accounts".* FROM "accounts"[0m
  Rendered accounts/index.html.erb within layouts/application (2.4ms)
Completed 200 OK in 811ms (Views: 800.8ms | ActiveRecord: 0.4ms)


Started GET "/accounts/new" for 127.0.0.1 at 2017-07-09 20:47:40 +0200
Processing by AccountsController#new as HTML
  Rendering accounts/new.html.erb within layouts/application
  Rendered accounts/_form.html.erb (17.5ms)
  Rendered accounts/new.html.erb within layouts/application (19.1ms)
Completed 200 OK in 47ms (Views: 38.6ms | ActiveRecord: 1.0ms)


Started POST "/accounts" for 127.0.0.1 at 2017-07-09 20:47:48 +0200
Processing by AccountsController#create as HTML
  Parameters: {"utf8"=>"✓", "authenticity_token"=>"XivQUGix2vhQ4ISQoYtoDf94VS3vgSXqBW9ZCYFIvfJm9xx6lUq2GRBdWbEdTLV3VD87cMTFsL9cIXIeNirEjw==", "account"=>{"name"=>"Test account"}, "commit"=>"Create Account"}
  [1m[35m (0.1ms)[0m  [1m[36mbegin transaction[0m
  [1m[35mSQL (1.6ms)[0m  [1m[32mINSERT INTO "accounts" ("name", "created_at", "updated_at") VALUES (?, ?, ?)[0m  [["name", "Test account"], ["created_at", "2017-07-09 18:47:48.286225"], ["updated_at", "2017-07-09 18:47:48.286225"]]
  [1m[35m (26.1ms)[0m  [1m[36mcommit transaction[0m
Redirected to http://localhost:3000/accounts/1
Completed 302 Found in 33ms (ActiveRecord: 27.7ms)


Started GET "/accounts/1" for 127.0.0.1 at 2017-07-09 20:47:48 +0200
Processing by AccountsController#show as HTML
  Parameters: {"id"=>"1"}
  [1m[36mAccount Load (0.2ms)[0m  [1m[34mSELECT  "accounts".* FROM "accounts" WHERE "accounts"."id" = ? LIMIT ?[0m  [["id", 1], ["LIMIT", 1]]
  Rendering accounts/show.html.erb within layouts/application
  Rendered accounts/show.html.erb within layouts/application (0.7ms)
Completed 200 OK in 17ms (Views: 12.8ms | ActiveRecord: 0.2ms)


Started GET "/accounts/1/edit" for 127.0.0.1 at 2017-07-09 20:47:50 +0200
Processing by AccountsController#edit as HTML
  Parameters: {"id"=>"1"}
  [1m[36mAccount Load (0.1ms)[0m  [1m[34mSELECT  "accounts".* FROM "accounts" WHERE "accounts"."id" = ? LIMIT ?[0m  [["id", 1], ["LIMIT", 1]]
  Rendering accounts/edit.html.erb within layouts/application
  Rendered accounts/_form.html.erb (1.9ms)
  Rendered accounts/edit.html.erb within layouts/application (3.4ms)
Completed 200 OK in 26ms (Views: 23.8ms | ActiveRecord: 0.1ms)


Started GET "/accounts" for 127.0.0.1 at 2017-07-09 20:47:51 +0200
Processing by AccountsController#index as HTML
  Rendering accounts/index.html.erb within layouts/application
  [1m[36mAccount Load (0.2ms)[0m  [1m[34mSELECT "accounts".* FROM "accounts"[0m
  Rendered accounts/index.html.erb within layouts/application (1.6ms)
Completed 200 OK in 19ms (Views: 17.6ms | ActiveRecord: 0.2ms)


Started GET "/operation_categories" for 127.0.0.1 at 2017-07-09 20:49:17 +0200
  [1m[35m (0.1ms)[0m  [1m[34mSELECT "schema_migrations"."version" FROM "schema_migrations" ORDER BY "schema_migrations"."version" ASC[0m
  
ActiveRecord::PendingMigrationError (

Migrations are pending. To resolve this issue, run:

        bin/rails db:migrate RAILS_ENV=development

):
  
activerecord (5.1.2) lib/active_record/migration.rb:576:in `check_pending!'
activerecord (5.1.2) lib/active_record/migration.rb:553:in `call'
actionpack (5.1.2) lib/action_dispatch/middleware/callbacks.rb:26:in `block in call'
activesupport (5.1.2) lib/active_support/callbacks.rb:97:in `run_callbacks'
actionpack (5.1.2) lib/action_dispatch/middleware/callbacks.rb:24:in `call'
actionpack (5.1.2) lib/action_dispatch/middleware/executor.rb:12:in `call'
actionpack (5.1.2) lib/action_dispatch/middleware/debug_exceptions.rb:59:in `call'
web-console (3.5.1) lib/web_console/middleware.rb:135:in `call_app'
web-console (3.5.1) lib/web_console/middleware.rb:28:in `block in call'
web-console (3.5.1) lib/web_console/middleware.rb:18:in `catch'
web-console (3.5.1) lib/web_console/middleware.rb:18:in `call'
actionpack (5.1.2) lib/action_dispatch/middleware/show_exceptions.rb:31:in `call'
railties (5.1.2) lib/rails/rack/logger.rb:36:in `call_app'
railties (5.1.2) lib/rails/rack/logger.rb:24:in `block in call'
activesupport (5.1.2) lib/active_support/tagged_logging.rb:69:in `block in tagged'
activesupport (5.1.2) lib/active_support/tagged_logging.rb:26:in `tagged'
activesupport (5.1.2) lib/active_support/tagged_logging.rb:69:in `tagged'
railties (5.1.2) lib/rails/rack/logger.rb:24:in `call'
sprockets-rails (3.2.0) lib/sprockets/rails/quiet_assets.rb:13:in `call'
actionpack (5.1.2) lib/action_dispatch/middleware/remote_ip.rb:79:in `call'
actionpack (5.1.2) lib/action_dispatch/middleware/request_id.rb:25:in `call'
rack (2.0.3) lib/rack/method_override.rb:22:in `call'
rack (2.0.3) lib/rack/runtime.rb:22:in `call'
activesupport (5.1.2) lib/active_support/cache/strategy/local_cache_middleware.rb:27:in `call'
actionpack (5.1.2) lib/action_dispatch/middleware/executor.rb:12:in `call'
actionpack (5.1.2) lib/action_dispatch/middleware/static.rb:125:in `call'
rack (2.0.3) lib/rack/sendfile.rb:111:in `call'
railties (5.1.2) lib/rails/engine.rb:522:in `call'
puma (3.9.1) lib/puma/configuration.rb:224:in `call'
puma (3.9.1) lib/puma/server.rb:602:in `handle_request'
puma (3.9.1) lib/puma/server.rb:435:in `process_client'
puma (3.9.1) lib/puma/server.rb:299:in `block in run'
puma (3.9.1) lib/puma/thread_pool.rb:120:in `block in spawn_thread'
  [1m[35m (0.1ms)[0m  [1m[34mSELECT "schema_migrations"."version" FROM "schema_migrations" ORDER BY "schema_migrations"."version" ASC[0m
Migrating to CreateOperationCategories (20170709184859)
  [1m[35m (0.0ms)[0m  [1m[36mbegin transaction[0m
  [1m[35m (0.1ms)[0m  [1m[34mSELECT sqlite_version(*)[0m
  [1m[35m (1.0ms)[0m  [1m[35mCREATE TABLE "operation_categories" ("id" INTEGER PRIMARY KEY AUTOINCREMENT NOT NULL, "name" varchar, "operation_category_id" integer, "created_at" datetime NOT NULL, "updated_at" datetime NOT NULL)[0m
  [1m[35mSQL (0.2ms)[0m  [1m[32mINSERT INTO "schema_migrations" ("version") VALUES (?)[0m  [["version", "20170709184859"]]
  [1m[35m (26.9ms)[0m  [1m[36mcommit transaction[0m
  [1m[36mActiveRecord::InternalMetadata Load (0.2ms)[0m  [1m[34mSELECT  "ar_internal_metadata".* FROM "ar_internal_metadata" WHERE "ar_internal_metadata"."key" = ? LIMIT ?[0m  [["key", "environment"], ["LIMIT", 1]]
  [1m[35m (0.0ms)[0m  [1m[36mbegin transaction[0m
  [1m[35m (0.0ms)[0m  [1m[36mcommit transaction[0m
  [1m[35m (0.1ms)[0m  [1m[34mSELECT "schema_migrations"."version" FROM "schema_migrations" ORDER BY "schema_migrations"."version" ASC[0m
Started GET "/operation_categories" for 127.0.0.1 at 2017-07-09 20:49:32 +0200
  [1m[35m (0.1ms)[0m  [1m[34mSELECT "schema_migrations"."version" FROM "schema_migrations" ORDER BY "schema_migrations"."version" ASC[0m
Processing by OperationCategoriesController#index as HTML
  Rendering operation_categories/index.html.erb within layouts/application
  [1m[36mOperationCategory Load (0.2ms)[0m  [1m[34mSELECT "operation_categories".* FROM "operation_categories"[0m
  Rendered operation_categories/index.html.erb within layouts/application (2.4ms)
Completed 200 OK in 172ms (Views: 162.3ms | ActiveRecord: 0.4ms)


Started GET "/operation_categories/new" for 127.0.0.1 at 2017-07-09 20:49:35 +0200
Processing by OperationCategoriesController#new as HTML
  Rendering operation_categories/new.html.erb within layouts/application
  Rendered operation_categories/_form.html.erb (11.8ms)
  Rendered operation_categories/new.html.erb within layouts/application (13.0ms)
Completed 200 OK in 42ms (Views: 33.1ms | ActiveRecord: 0.8ms)


Started GET "/operation_categories" for 127.0.0.1 at 2017-07-09 20:49:41 +0200
Processing by OperationCategoriesController#index as HTML
  Rendering operation_categories/index.html.erb within layouts/application
  [1m[36mOperationCategory Load (0.2ms)[0m  [1m[34mSELECT "operation_categories".* FROM "operation_categories"[0m
  Rendered operation_categories/index.html.erb within layouts/application (1.4ms)
Completed 200 OK in 31ms (Views: 30.0ms | ActiveRecord: 0.2ms)


Started GET "/operation_categories" for 127.0.0.1 at 2017-07-09 20:55:56 +0200
Processing by OperationCategoriesController#index as HTML
  Rendering operation_categories/index.html.erb within layouts/application
  [1m[36mOperationCategory Load (0.1ms)[0m  [1m[34mSELECT "operation_categories".* FROM "operation_categories"[0m
  Rendered operation_categories/index.html.erb within layouts/application (3.3ms)
Completed 200 OK in 31ms (Views: 21.7ms | ActiveRecord: 0.9ms)


Started GET "/operation_categories/new" for 127.0.0.1 at 2017-07-09 20:55:59 +0200
Processing by OperationCategoriesController#new as HTML
  Rendering operation_categories/new.html.erb within layouts/application
  Rendered operation_categories/_form.html.erb (1.2ms)
  Rendered operation_categories/new.html.erb within layouts/application (2.7ms)
Completed 500 Internal Server Error in 16ms (ActiveRecord: 0.6ms)


  
SyntaxError (/home/bertho_y/dev/ruby/ruby-for-uncle-scrooge/app/views/operation_categories/_form.html.erb:22: syntax error, unexpected ')', expecting =>
nCategory.all, "id", "name") );@output_buffer.safe_append='
                              ^
/home/bertho_y/dev/ruby/ruby-for-uncle-scrooge/app/views/operation_categories/_form.html.erb:28: syntax error, unexpected keyword_end, expecting ')'
'.freeze; end 
             ^
/home/bertho_y/dev/ruby/ruby-for-uncle-scrooge/app/views/operation_categories/_form.html.erb:30: syntax error, unexpected keyword_ensure, expecting ')'
          ensure
                ^
/home/bertho_y/dev/ruby/ruby-for-uncle-scrooge/app/views/operation_categories/_form.html.erb:32: syntax error, unexpected keyword_end, expecting ')'
          end
             ^):
  
app/views/operation_categories/_form.html.erb:22: syntax error, unexpected ')', expecting =>
app/views/operation_categories/_form.html.erb:28: syntax error, unexpected keyword_end, expecting ')'
app/views/operation_categories/_form.html.erb:30: syntax error, unexpected keyword_ensure, expecting ')'
app/views/operation_categories/_form.html.erb:32: syntax error, unexpected keyword_end, expecting ')'
app/views/operation_categories/new.html.erb:3:in `_app_views_operation_categories_new_html_erb__1109250410063332029_70310998973300'
Started GET "/operation_categories/new" for 127.0.0.1 at 2017-07-09 20:56:47 +0200
Processing by OperationCategoriesController#new as HTML
  Rendering operation_categories/new.html.erb within layouts/application
  [1m[36mOperationCategory Load (0.2ms)[0m  [1m[34mSELECT "operation_categories".* FROM "operation_categories"[0m
  Rendered operation_categories/_form.html.erb (109.8ms)
  Rendered operation_categories/new.html.erb within layouts/application (111.6ms)
Completed 500 Internal Server Error in 115ms (ActiveRecord: 0.2ms)


  
ActionView::Template::Error (undefined method `select_tag' for #<ActionView::Helpers::FormBuilder:0x007fe510111550>
Did you mean?  select):
    18: 
    19:   <div class="field">
    20:     <%= form.label :operation_category_id %>
    21:     <%= form.select_tag :operation_category_id,
    22:     options_from_collection_for_select(OperationCategory.all, "id",
    23:     "name"), id: :operation_category_operation_category_id %>
    24:   </div>
  
app/views/operation_categories/_form.html.erb:21:in `block in _app_views_operation_categories__form_html_erb___3605685117248152881_70310896816820'
app/views/operation_categories/_form.html.erb:1:in `_app_views_operation_categories__form_html_erb___3605685117248152881_70310896816820'
app/views/operation_categories/new.html.erb:3:in `_app_views_operation_categories_new_html_erb__1109250410063332029_70310896710980'
Started GET "/operation_categories/new" for 127.0.0.1 at 2017-07-09 20:58:59 +0200
Processing by OperationCategoriesController#new as HTML
  Rendering operation_categories/new.html.erb within layouts/application
  [1m[36mOperationCategory Exists (0.2ms)[0m  [1m[34mSELECT  1 AS one FROM "operation_categories" LIMIT ?[0m  [["LIMIT", 1]]
  [1m[36mOperationCategory Load (0.1ms)[0m  [1m[34mSELECT "operation_categories".* FROM "operation_categories"[0m
  Rendered operation_categories/_form.html.erb (5.8ms)
  Rendered operation_categories/new.html.erb within layouts/application (7.0ms)
Completed 200 OK in 22ms (Views: 20.4ms | ActiveRecord: 0.3ms)


Started POST "/operation_categories" for 127.0.0.1 at 2017-07-09 20:59:08 +0200
Processing by OperationCategoriesController#create as HTML
  Parameters: {"utf8"=>"✓", "authenticity_token"=>"5UjRSaxoPf0d04GI3DUNpMRfm8Hg8d1/wulGNKD3lYEycgsrQdaRrw5eEjEq8VrFaFVpBkjADjWa3B3B4NxZLw==", "operation_category"=>{"name"=>"Category"}, "commit"=>"Create Operation category"}
  [1m[35m (0.1ms)[0m  [1m[36mbegin transaction[0m
  [1m[35m (0.1ms)[0m  [1m[31mrollback transaction[0m
  Rendering operation_categories/new.html.erb within layouts/application
  [1m[36mOperationCategory Exists (0.2ms)[0m  [1m[34mSELECT  1 AS one FROM "operation_categories" LIMIT ?[0m  [["LIMIT", 1]]
  [1m[36mOperationCategory Load (0.1ms)[0m  [1m[34mSELECT "operation_categories".* FROM "operation_categories"[0m
  Rendered operation_categories/_form.html.erb (3.0ms)
  Rendered operation_categories/new.html.erb within layouts/application (4.0ms)
Completed 200 OK in 28ms (Views: 17.4ms | ActiveRecord: 0.4ms)


Started GET "/operation_categories" for 127.0.0.1 at 2017-07-09 21:00:27 +0200
Processing by OperationCategoriesController#index as HTML
  Rendering operation_categories/index.html.erb within layouts/application
  [1m[36mOperationCategory Load (0.2ms)[0m  [1m[34mSELECT "operation_categories".* FROM "operation_categories"[0m
  Rendered operation_categories/index.html.erb within layouts/application (1.2ms)
Completed 200 OK in 16ms (Views: 14.7ms | ActiveRecord: 0.2ms)


Started GET "/operation_categories/new" for 127.0.0.1 at 2017-07-09 21:00:30 +0200
Processing by OperationCategoriesController#new as HTML
  Rendering operation_categories/new.html.erb within layouts/application
  [1m[36mOperationCategory Exists (0.2ms)[0m  [1m[34mSELECT  1 AS one FROM "operation_categories" LIMIT ?[0m  [["LIMIT", 1]]
  [1m[36mOperationCategory Load (0.2ms)[0m  [1m[34mSELECT "operation_categories".* FROM "operation_categories"[0m
  Rendered operation_categories/_form.html.erb (4.5ms)
  Rendered operation_categories/new.html.erb within layouts/application (5.9ms)
Completed 200 OK in 43ms (Views: 41.5ms | ActiveRecord: 0.4ms)


Started POST "/operation_categories" for 127.0.0.1 at 2017-07-09 21:00:34 +0200
Processing by OperationCategoriesController#create as HTML
  Parameters: {"utf8"=>"✓", "authenticity_token"=>"NwTDtAUK+Xv7zlTbStFTVg39LppLx1QmbnnbIy52PCgVZYQGDfpzm/LszeVHd6mG2h1VQbF/3CEyQBzU6ELDyg==", "operation_category"=>{"name"=>"ewq", "operation_category_id"=>""}, "commit"=>"Create Operation category"}
  [1m[35m (0.1ms)[0m  [1m[36mbegin transaction[0m
  [1m[35m (0.0ms)[0m  [1m[31mrollback transaction[0m
  Rendering operation_categories/new.html.erb within layouts/application
  [1m[36mOperationCategory Exists (0.1ms)[0m  [1m[34mSELECT  1 AS one FROM "operation_categories" LIMIT ?[0m  [["LIMIT", 1]]
  [1m[36mOperationCategory Load (0.1ms)[0m  [1m[34mSELECT "operation_categories".* FROM "operation_categories"[0m
  Rendered operation_categories/_form.html.erb (2.7ms)
  Rendered operation_categories/new.html.erb within layouts/application (3.6ms)
Completed 200 OK in 22ms (Views: 19.9ms | ActiveRecord: 0.3ms)


Started POST "/operation_categories" for 127.0.0.1 at 2017-07-09 21:02:16 +0200
Processing by OperationCategoriesController#create as HTML
  Parameters: {"utf8"=>"✓", "authenticity_token"=>"U9mpsQOz3OdYPwGQ+/+9TijLj2QHS98qw7j84U7NcJqE43PT7g1wtUuykikNO+ovhMF9o696DGCbjacUDua8NA==", "operation_category"=>{"name"=>"ewq", "operation_category_id"=>""}, "commit"=>"Create Operation category"}
  [1m[35m (0.1ms)[0m  [1m[36mbegin transaction[0m
  [1m[35m (0.0ms)[0m  [1m[31mrollback transaction[0m
  Rendering operation_categories/new.html.erb within layouts/application
  [1m[36mOperationCategory Exists (0.2ms)[0m  [1m[34mSELECT  1 AS one FROM "operation_categories" LIMIT ?[0m  [["LIMIT", 1]]
  [1m[36mOperationCategory Load (0.1ms)[0m  [1m[34mSELECT "operation_categories".* FROM "operation_categories"[0m
  Rendered operation_categories/_form.html.erb (2.6ms)
  Rendered operation_categories/new.html.erb within layouts/application (3.5ms)
Completed 200 OK in 26ms (Views: 23.7ms | ActiveRecord: 0.4ms)


Started POST "/operation_categories" for 127.0.0.1 at 2017-07-09 21:05:49 +0200
Processing by OperationCategoriesController#create as HTML
  Parameters: {"utf8"=>"✓", "authenticity_token"=>"BYPeDp4US4biodnczmX1ux0MAVHT+GqCqIJgWV2ixJjSuQRsc6rn1PEsSmU4oaLasQbzlnvJucjwtzusHYkINg==", "operation_category"=>{"name"=>"ewq"}, "commit"=>"Create Operation category"}
Completed 500 Internal Server Error in 5ms


  
NoMethodError (undefined method `[]' for nil:NilClass):
  
app/controllers/operation_categories_controller.rb:73:in `block in operation_category_params'
app/controllers/operation_categories_controller.rb:73:in `tap'
app/controllers/operation_categories_controller.rb:73:in `operation_category_params'
app/controllers/operation_categories_controller.rb:27:in `create'
Started POST "/operation_categories" for 127.0.0.1 at 2017-07-09 21:07:27 +0200
Processing by OperationCategoriesController#create as HTML
  Parameters: {"utf8"=>"✓", "authenticity_token"=>"BYPeDp4US4biodnczmX1ux0MAVHT+GqCqIJgWV2ixJjSuQRsc6rn1PEsSmU4oaLasQbzlnvJucjwtzusHYkINg==", "operation_category"=>{"name"=>"ewq"}, "commit"=>"Create Operation category"}
  [1m[35m (0.0ms)[0m  [1m[36mbegin transaction[0m
  [1m[35m (0.0ms)[0m  [1m[31mrollback transaction[0m
  Rendering operation_categories/new.html.erb within layouts/application
  [1m[36mOperationCategory Exists (0.1ms)[0m  [1m[34mSELECT  1 AS one FROM "operation_categories" LIMIT ?[0m  [["LIMIT", 1]]
  [1m[36mOperationCategory Load (0.1ms)[0m  [1m[34mSELECT "operation_categories".* FROM "operation_categories"[0m
  Rendered operation_categories/_form.html.erb (3.4ms)
  Rendered operation_categories/new.html.erb within layouts/application (4.4ms)
Completed 200 OK in 32ms (Views: 20.6ms | ActiveRecord: 1.1ms)


Started POST "/operation_categories" for 127.0.0.1 at 2017-07-09 21:07:31 +0200
Processing by OperationCategoriesController#create as HTML
  Parameters: {"utf8"=>"✓", "authenticity_token"=>"IQ0MZR0fZijQ4Fmbv1fDAPPl8iNBaU+Am23sQM1Zu532N9YH8KHKesNtyiJJk5RhX+8A5OlYnMrDWLe1jXJ3Mw==", "operation_category"=>{"name"=>"ewq"}, "commit"=>"Create Operation category"}
  [1m[35m (0.1ms)[0m  [1m[36mbegin transaction[0m
  [1m[35m (0.0ms)[0m  [1m[31mrollback transaction[0m
  Rendering operation_categories/new.html.erb within layouts/application
  [1m[36mOperationCategory Exists (0.2ms)[0m  [1m[34mSELECT  1 AS one FROM "operation_categories" LIMIT ?[0m  [["LIMIT", 1]]
  [1m[36mOperationCategory Load (0.1ms)[0m  [1m[34mSELECT "operation_categories".* FROM "operation_categories"[0m
  Rendered operation_categories/_form.html.erb (3.7ms)
  Rendered operation_categories/new.html.erb within layouts/application (4.9ms)
Completed 200 OK in 24ms (Views: 21.6ms | ActiveRecord: 0.5ms)


Started POST "/operation_categories" for 127.0.0.1 at 2017-07-09 21:08:15 +0200
Processing by OperationCategoriesController#create as HTML
  Parameters: {"utf8"=>"✓", "authenticity_token"=>"nULob9x/18UtIkcvB+8uRDSRN7daXU4ICGsrY0+nYpxKeDINMcF7lz6v1JbxK3klmJvFcPJsnUJQXnCWD4yuMg==", "operation_category"=>{"name"=>"ewq"}, "commit"=>"Create Operation category"}
  [1m[35m (0.2ms)[0m  [1m[36mbegin transaction[0m
  [1m[35mSQL (0.4ms)[0m  [1m[32mINSERT INTO "operation_categories" ("name", "created_at", "updated_at") VALUES (?, ?, ?)[0m  [["name", "ewq"], ["created_at", "2017-07-09 19:08:15.610549"], ["updated_at", "2017-07-09 19:08:15.610549"]]
  [1m[35m (26.7ms)[0m  [1m[36mcommit transaction[0m
Redirected to http://localhost:3000/operation_categories/1
Completed 302 Found in 41ms (ActiveRecord: 28.1ms)


Started GET "/operation_categories/1" for 127.0.0.1 at 2017-07-09 21:08:15 +0200
Processing by OperationCategoriesController#show as HTML
  Parameters: {"id"=>"1"}
  [1m[36mOperationCategory Load (0.2ms)[0m  [1m[34mSELECT  "operation_categories".* FROM "operation_categories" WHERE "operation_categories"."id" = ? LIMIT ?[0m  [["id", 1], ["LIMIT", 1]]
  Rendering operation_categories/show.html.erb within layouts/application
  Rendered operation_categories/show.html.erb within layouts/application (0.6ms)
Completed 200 OK in 22ms (Views: 15.8ms | ActiveRecord: 0.2ms)


Started GET "/operation_categories" for 127.0.0.1 at 2017-07-09 21:09:12 +0200
Processing by OperationCategoriesController#index as HTML
  Rendering operation_categories/index.html.erb within layouts/application
  [1m[36mOperationCategory Load (0.2ms)[0m  [1m[34mSELECT "operation_categories".* FROM "operation_categories"[0m
  Rendered operation_categories/index.html.erb within layouts/application (11.3ms)
Completed 200 OK in 47ms (Views: 39.4ms | ActiveRecord: 1.4ms)


Started GET "/operation_categories/new" for 127.0.0.1 at 2017-07-09 21:09:14 +0200
Processing by OperationCategoriesController#new as HTML
  Rendering operation_categories/new.html.erb within layouts/application
  [1m[36mOperationCategory Exists (0.2ms)[0m  [1m[34mSELECT  1 AS one FROM "operation_categories" LIMIT ?[0m  [["LIMIT", 1]]
  [1m[36mOperationCategory Load (0.1ms)[0m  [1m[34mSELECT  "operation_categories".* FROM "operation_categories" ORDER BY "operation_categories"."id" ASC LIMIT ?[0m  [["LIMIT", 1]]
  [1m[36mOperationCategory Load (0.1ms)[0m  [1m[34mSELECT "operation_categories".* FROM "operation_categories"[0m
  Rendered operation_categories/_form.html.erb (4.2ms)
  Rendered operation_categories/new.html.erb within layouts/application (5.3ms)
Completed 200 OK in 30ms (Views: 28.4ms | ActiveRecord: 0.4ms)


Started POST "/operation_categories" for 127.0.0.1 at 2017-07-09 21:09:34 +0200
Processing by OperationCategoriesController#create as HTML
  Parameters: {"utf8"=>"✓", "authenticity_token"=>"v9avPl763Ivu4ldnUa7C+QS2IR7tE7NM2bk3LkDzmcOdt+iMVgpWa+fAzllcCDgp01ZaxRerO0uFgPDZhsdmIQ==", "operation_category"=>{"name"=>"New category", "operation_category_id"=>"#<OperationCategory:0x007fe515bc8700>"}, "commit"=>"Create Operation category"}
  [1m[35m (0.1ms)[0m  [1m[36mbegin transaction[0m
  [1m[35mSQL (0.4ms)[0m  [1m[32mINSERT INTO "operation_categories" ("name", "operation_category_id", "created_at", "updated_at") VALUES (?, ?, ?, ?)[0m  [["name", "New category"], ["operation_category_id", 0], ["created_at", "2017-07-09 19:09:34.125684"], ["updated_at", "2017-07-09 19:09:34.125684"]]
  [1m[35m (46.7ms)[0m  [1m[36mcommit transaction[0m
Redirected to http://localhost:3000/operation_categories/2
Completed 302 Found in 52ms (ActiveRecord: 47.1ms)


Started GET "/operation_categories/2" for 127.0.0.1 at 2017-07-09 21:09:34 +0200
Processing by OperationCategoriesController#show as HTML
  Parameters: {"id"=>"2"}
  [1m[36mOperationCategory Load (0.3ms)[0m  [1m[34mSELECT  "operation_categories".* FROM "operation_categories" WHERE "operation_categories"."id" = ? LIMIT ?[0m  [["id", 2], ["LIMIT", 1]]
  Rendering operation_categories/show.html.erb within layouts/application
  Rendered operation_categories/show.html.erb within layouts/application (0.9ms)
Completed 200 OK in 20ms (Views: 17.9ms | ActiveRecord: 0.3ms)


Started GET "/operation_categories" for 127.0.0.1 at 2017-07-09 21:09:44 +0200
Processing by OperationCategoriesController#index as HTML
  Rendering operation_categories/index.html.erb within layouts/application
  [1m[36mOperationCategory Load (0.2ms)[0m  [1m[34mSELECT "operation_categories".* FROM "operation_categories"[0m
  Rendered operation_categories/index.html.erb within layouts/application (2.0ms)
Completed 200 OK in 29ms (Views: 28.0ms | ActiveRecord: 0.2ms)


Started GET "/operation_categories/2/edit" for 127.0.0.1 at 2017-07-09 21:10:37 +0200
Processing by OperationCategoriesController#edit as HTML
  Parameters: {"id"=>"2"}
  [1m[36mOperationCategory Load (0.2ms)[0m  [1m[34mSELECT  "operation_categories".* FROM "operation_categories" WHERE "operation_categories"."id" = ? LIMIT ?[0m  [["id", 2], ["LIMIT", 1]]
  Rendering operation_categories/edit.html.erb within layouts/application
  [1m[36mOperationCategory Load (0.2ms)[0m  [1m[34mSELECT "operation_categories".* FROM "operation_categories"[0m
  Rendered operation_categories/_form.html.erb (2.6ms)
  Rendered operation_categories/edit.html.erb within layouts/application (3.7ms)
Completed 200 OK in 51ms (Views: 48.7ms | ActiveRecord: 0.3ms)


Started GET "/operation_categories/2/edit" for 127.0.0.1 at 2017-07-09 21:11:25 +0200
Processing by OperationCategoriesController#edit as HTML
  Parameters: {"id"=>"2"}
  [1m[36mOperationCategory Load (0.1ms)[0m  [1m[34mSELECT  "operation_categories".* FROM "operation_categories" WHERE "operation_categories"."id" = ? LIMIT ?[0m  [["id", 2], ["LIMIT", 1]]
  Rendering operation_categories/edit.html.erb within layouts/application
  Rendered operation_categories/_form.html.erb (0.7ms)
  Rendered operation_categories/edit.html.erb within layouts/application (1.6ms)
Completed 500 Internal Server Error in 4ms (ActiveRecord: 0.1ms)


  
SyntaxError (/home/bertho_y/dev/ruby/ruby-for-uncle-scrooge/app/views/operation_categories/_form.html.erb:22: syntax error, unexpected ',', expecting '}'
 { id: _m.id, name: _m.name }, id:
                              ^):
  
app/views/operation_categories/_form.html.erb:22: syntax error, unexpected ',', expecting '}'
app/views/operation_categories/edit.html.erb:3:in `_app_views_operation_categories_edit_html_erb___4255296240216557386_70311064281680'
Started GET "/operation_categories/2/edit" for 127.0.0.1 at 2017-07-09 21:11:34 +0200
Processing by OperationCategoriesController#edit as HTML
  Parameters: {"id"=>"2"}
  [1m[36mOperationCategory Load (0.1ms)[0m  [1m[34mSELECT  "operation_categories".* FROM "operation_categories" WHERE "operation_categories"."id" = ? LIMIT ?[0m  [["id", 2], ["LIMIT", 1]]
  Rendering operation_categories/edit.html.erb within layouts/application
  [1m[36mOperationCategory Load (0.2ms)[0m  [1m[34mSELECT "operation_categories".* FROM "operation_categories"[0m
  Rendered operation_categories/_form.html.erb (2.4ms)
  Rendered operation_categories/edit.html.erb within layouts/application (3.4ms)
Completed 200 OK in 21ms (Views: 19.6ms | ActiveRecord: 0.3ms)


Started GET "/operation_categories/2/edit" for 127.0.0.1 at 2017-07-09 21:11:54 +0200
Processing by OperationCategoriesController#edit as HTML
  Parameters: {"id"=>"2"}
  [1m[36mOperationCategory Load (0.1ms)[0m  [1m[34mSELECT  "operation_categories".* FROM "operation_categories" WHERE "operation_categories"."id" = ? LIMIT ?[0m  [["id", 2], ["LIMIT", 1]]
  Rendering operation_categories/edit.html.erb within layouts/application
  [1m[36mOperationCategory Load (0.2ms)[0m  [1m[34mSELECT "operation_categories".* FROM "operation_categories"[0m
  Rendered operation_categories/_form.html.erb (2.4ms)
  Rendered operation_categories/edit.html.erb within layouts/application (3.4ms)
Completed 200 OK in 20ms (Views: 18.1ms | ActiveRecord: 0.3ms)


Started GET "/operation_categories/2/edit" for 127.0.0.1 at 2017-07-09 21:12:10 +0200
Processing by OperationCategoriesController#edit as HTML
  Parameters: {"id"=>"2"}
  [1m[36mOperationCategory Load (0.2ms)[0m  [1m[34mSELECT  "operation_categories".* FROM "operation_categories" WHERE "operation_categories"."id" = ? LIMIT ?[0m  [["id", 2], ["LIMIT", 1]]
  Rendering operation_categories/edit.html.erb within layouts/application
  [1m[36mOperationCategory Load (0.2ms)[0m  [1m[34mSELECT "operation_categories".* FROM "operation_categories"[0m
  Rendered operation_categories/_form.html.erb (2.3ms)
  Rendered operation_categories/edit.html.erb within layouts/application (3.2ms)
Completed 200 OK in 21ms (Views: 19.1ms | ActiveRecord: 0.3ms)


Started PATCH "/operation_categories/2" for 127.0.0.1 at 2017-07-09 21:12:22 +0200
Processing by OperationCategoriesController#update as HTML
  Parameters: {"utf8"=>"✓", "authenticity_token"=>"zek6EW+GY1k0uHNT9ihY3x8PAYMMkELZTYR0p1D4GG0a0+BzgjjPCyc14OoA7A++swXzRKShkZMVsS9SENPUww==", "operation_category"=>{"name"=>"New category", "operation_category_id"=>"2"}, "commit"=>"Update Operation category", "id"=>"2"}
  [1m[36mOperationCategory Load (0.1ms)[0m  [1m[34mSELECT  "operation_categories".* FROM "operation_categories" WHERE "operation_categories"."id" = ? LIMIT ?[0m  [["id", 2], ["LIMIT", 1]]
  [1m[35m (0.0ms)[0m  [1m[36mbegin transaction[0m
  [1m[35mSQL (0.6ms)[0m  [1m[33mUPDATE "operation_categories" SET "operation_category_id" = ?, "updated_at" = ? WHERE "operation_categories"."id" = ?[0m  [["operation_category_id", 2], ["updated_at", "2017-07-09 19:12:22.800590"], ["id", 2]]
  [1m[35m (47.2ms)[0m  [1m[36mcommit transaction[0m
Redirected to http://localhost:3000/operation_categories/2
Completed 302 Found in 52ms (ActiveRecord: 47.9ms)


Started GET "/operation_categories/2" for 127.0.0.1 at 2017-07-09 21:12:22 +0200
Processing by OperationCategoriesController#show as HTML
  Parameters: {"id"=>"2"}
  [1m[36mOperationCategory Load (0.1ms)[0m  [1m[34mSELECT  "operation_categories".* FROM "operation_categories" WHERE "operation_categories"."id" = ? LIMIT ?[0m  [["id", 2], ["LIMIT", 1]]
  Rendering operation_categories/show.html.erb within layouts/application
  Rendered operation_categories/show.html.erb within layouts/application (0.8ms)
Completed 200 OK in 18ms (Views: 16.9ms | ActiveRecord: 0.1ms)


Started GET "/operation_categories/2/edit" for 127.0.0.1 at 2017-07-09 21:12:25 +0200
Processing by OperationCategoriesController#edit as HTML
  Parameters: {"id"=>"2"}
  [1m[36mOperationCategory Load (0.1ms)[0m  [1m[34mSELECT  "operation_categories".* FROM "operation_categories" WHERE "operation_categories"."id" = ? LIMIT ?[0m  [["id", 2], ["LIMIT", 1]]
  Rendering operation_categories/edit.html.erb within layouts/application
  [1m[36mOperationCategory Load (0.2ms)[0m  [1m[34mSELECT "operation_categories".* FROM "operation_categories"[0m
  Rendered operation_categories/_form.html.erb (2.9ms)
  Rendered operation_categories/edit.html.erb within layouts/application (4.0ms)
Completed 200 OK in 32ms (Views: 30.2ms | ActiveRecord: 0.3ms)


Started PATCH "/operation_categories/2" for 127.0.0.1 at 2017-07-09 21:12:28 +0200
Processing by OperationCategoriesController#update as HTML
  Parameters: {"utf8"=>"✓", "authenticity_token"=>"w1fBPuBK3O+75X/wXX6RWFRWRaoWimGt1iXAHdLyDvuW6Hp9Hs/rl+LPBa6v8CQNB47hYNBSQR+3mUnZni1GCw==", "operation_category"=>{"name"=>"New category", "operation_category_id"=>""}, "commit"=>"Update Operation category", "id"=>"2"}
  [1m[36mOperationCategory Load (0.2ms)[0m  [1m[34mSELECT  "operation_categories".* FROM "operation_categories" WHERE "operation_categories"."id" = ? LIMIT ?[0m  [["id", 2], ["LIMIT", 1]]
  [1m[35m (0.1ms)[0m  [1m[36mbegin transaction[0m
  [1m[35mSQL (0.4ms)[0m  [1m[33mUPDATE "operation_categories" SET "operation_category_id" = ?, "updated_at" = ? WHERE "operation_categories"."id" = ?[0m  [["operation_category_id", nil], ["updated_at", "2017-07-09 19:12:28.190766"], ["id", 2]]
  [1m[35m (51.1ms)[0m  [1m[36mcommit transaction[0m
Redirected to http://localhost:3000/operation_categories/2
Completed 302 Found in 58ms (ActiveRecord: 51.8ms)


Started GET "/operation_categories/2" for 127.0.0.1 at 2017-07-09 21:12:28 +0200
Processing by OperationCategoriesController#show as HTML
  Parameters: {"id"=>"2"}
  [1m[36mOperationCategory Load (0.1ms)[0m  [1m[34mSELECT  "operation_categories".* FROM "operation_categories" WHERE "operation_categories"."id" = ? LIMIT ?[0m  [["id", 2], ["LIMIT", 1]]
  Rendering operation_categories/show.html.erb within layouts/application
  Rendered operation_categories/show.html.erb within layouts/application (0.6ms)
Completed 200 OK in 16ms (Views: 15.1ms | ActiveRecord: 0.1ms)


Started GET "/operation_categories" for 127.0.0.1 at 2017-07-09 21:12:30 +0200
Processing by OperationCategoriesController#index as HTML
  Rendering operation_categories/index.html.erb within layouts/application
  [1m[36mOperationCategory Load (0.2ms)[0m  [1m[34mSELECT "operation_categories".* FROM "operation_categories"[0m
  Rendered operation_categories/index.html.erb within layouts/application (2.7ms)
Completed 200 OK in 31ms (Views: 28.0ms | ActiveRecord: 0.2ms)


Started GET "/operation_categories/new" for 127.0.0.1 at 2017-07-09 21:13:34 +0200
Processing by OperationCategoriesController#new as HTML
  Rendering operation_categories/new.html.erb within layouts/application
  [1m[36mOperationCategory Load (0.2ms)[0m  [1m[34mSELECT "operation_categories".* FROM "operation_categories"[0m
  Rendered operation_categories/_form.html.erb (6.9ms)
  Rendered operation_categories/new.html.erb within layouts/application (8.5ms)
Completed 200 OK in 59ms (Views: 37.9ms | ActiveRecord: 1.6ms)


Started POST "/operation_categories" for 127.0.0.1 at 2017-07-09 21:13:38 +0200
Processing by OperationCategoriesController#create as HTML
  Parameters: {"utf8"=>"✓", "authenticity_token"=>"01Ug/WNLpInGpkFCjE5GcZLLH581LjG3kHqPbSrNxE3xNGdPa7suac+E2HyB6LyhRStkRM+WubDMQ0ia7Pk7rw==", "operation_category"=>{"name"=>"test", "operation_category_id"=>""}, "commit"=>"Create Operation category"}
  [1m[35m (0.1ms)[0m  [1m[36mbegin transaction[0m
  [1m[35mSQL (1.0ms)[0m  [1m[32mINSERT INTO "operation_categories" ("name", "created_at", "updated_at") VALUES (?, ?, ?)[0m  [["name", "test"], ["created_at", "2017-07-09 19:13:38.072270"], ["updated_at", "2017-07-09 19:13:38.072270"]]
  [1m[35m (56.6ms)[0m  [1m[36mcommit transaction[0m
Redirected to http://localhost:3000/operation_categories/3
Completed 302 Found in 61ms (ActiveRecord: 57.7ms)


Started GET "/operation_categories/3" for 127.0.0.1 at 2017-07-09 21:13:38 +0200
Processing by OperationCategoriesController#show as HTML
  Parameters: {"id"=>"3"}
  [1m[36mOperationCategory Load (0.2ms)[0m  [1m[34mSELECT  "operation_categories".* FROM "operation_categories" WHERE "operation_categories"."id" = ? LIMIT ?[0m  [["id", 3], ["LIMIT", 1]]
  Rendering operation_categories/show.html.erb within layouts/application
  Rendered operation_categories/show.html.erb within layouts/application (0.6ms)
Completed 200 OK in 18ms (Views: 16.5ms | ActiveRecord: 0.2ms)


Started GET "/operation_categories" for 127.0.0.1 at 2017-07-09 21:13:40 +0200
Processing by OperationCategoriesController#index as HTML
  Rendering operation_categories/index.html.erb within layouts/application
  [1m[36mOperationCategory Load (0.2ms)[0m  [1m[34mSELECT "operation_categories".* FROM "operation_categories"[0m
  Rendered operation_categories/index.html.erb within layouts/application (2.1ms)
Completed 200 OK in 26ms (Views: 24.5ms | ActiveRecord: 0.2ms)


Started GET "/operations" for 127.0.0.1 at 2017-07-09 21:16:11 +0200
  [1m[35m (0.1ms)[0m  [1m[34mSELECT "schema_migrations"."version" FROM "schema_migrations" ORDER BY "schema_migrations"."version" ASC[0m
  
ActiveRecord::PendingMigrationError (

Migrations are pending. To resolve this issue, run:

        bin/rails db:migrate RAILS_ENV=development

):
  
activerecord (5.1.2) lib/active_record/migration.rb:576:in `check_pending!'
activerecord (5.1.2) lib/active_record/migration.rb:553:in `call'
actionpack (5.1.2) lib/action_dispatch/middleware/callbacks.rb:26:in `block in call'
activesupport (5.1.2) lib/active_support/callbacks.rb:97:in `run_callbacks'
actionpack (5.1.2) lib/action_dispatch/middleware/callbacks.rb:24:in `call'
actionpack (5.1.2) lib/action_dispatch/middleware/executor.rb:12:in `call'
actionpack (5.1.2) lib/action_dispatch/middleware/debug_exceptions.rb:59:in `call'
web-console (3.5.1) lib/web_console/middleware.rb:135:in `call_app'
web-console (3.5.1) lib/web_console/middleware.rb:28:in `block in call'
web-console (3.5.1) lib/web_console/middleware.rb:18:in `catch'
web-console (3.5.1) lib/web_console/middleware.rb:18:in `call'
actionpack (5.1.2) lib/action_dispatch/middleware/show_exceptions.rb:31:in `call'
railties (5.1.2) lib/rails/rack/logger.rb:36:in `call_app'
railties (5.1.2) lib/rails/rack/logger.rb:24:in `block in call'
activesupport (5.1.2) lib/active_support/tagged_logging.rb:69:in `block in tagged'
activesupport (5.1.2) lib/active_support/tagged_logging.rb:26:in `tagged'
activesupport (5.1.2) lib/active_support/tagged_logging.rb:69:in `tagged'
railties (5.1.2) lib/rails/rack/logger.rb:24:in `call'
sprockets-rails (3.2.0) lib/sprockets/rails/quiet_assets.rb:13:in `call'
actionpack (5.1.2) lib/action_dispatch/middleware/remote_ip.rb:79:in `call'
actionpack (5.1.2) lib/action_dispatch/middleware/request_id.rb:25:in `call'
rack (2.0.3) lib/rack/method_override.rb:22:in `call'
rack (2.0.3) lib/rack/runtime.rb:22:in `call'
activesupport (5.1.2) lib/active_support/cache/strategy/local_cache_middleware.rb:27:in `call'
actionpack (5.1.2) lib/action_dispatch/middleware/executor.rb:12:in `call'
actionpack (5.1.2) lib/action_dispatch/middleware/static.rb:125:in `call'
rack (2.0.3) lib/rack/sendfile.rb:111:in `call'
railties (5.1.2) lib/rails/engine.rb:522:in `call'
puma (3.9.1) lib/puma/configuration.rb:224:in `call'
puma (3.9.1) lib/puma/server.rb:602:in `handle_request'
puma (3.9.1) lib/puma/server.rb:435:in `process_client'
puma (3.9.1) lib/puma/server.rb:299:in `block in run'
puma (3.9.1) lib/puma/thread_pool.rb:120:in `block in spawn_thread'
  [1m[35m (0.1ms)[0m  [1m[34mSELECT "schema_migrations"."version" FROM "schema_migrations" ORDER BY "schema_migrations"."version" ASC[0m
Migrating to CreateOperations (20170709191552)
  [1m[35m (0.0ms)[0m  [1m[36mbegin transaction[0m
  [1m[35m (0.1ms)[0m  [1m[34mSELECT sqlite_version(*)[0m
  [1m[35m (1.1ms)[0m  [1m[35mCREATE TABLE "operations" ("id" INTEGER PRIMARY KEY AUTOINCREMENT NOT NULL, "account_id" integer, "operation_category_id" integer, "name" varchar, "original_name" varchar, "amount" decimal, "operation_date" date, "value_date" date, "comment" text, "created_at" datetime NOT NULL, "updated_at" datetime NOT NULL)[0m
  [1m[35mSQL (0.3ms)[0m  [1m[32mINSERT INTO "schema_migrations" ("version") VALUES (?)[0m  [["version", "20170709191552"]]
  [1m[35m (27.0ms)[0m  [1m[36mcommit transaction[0m
  [1m[36mActiveRecord::InternalMetadata Load (0.1ms)[0m  [1m[34mSELECT  "ar_internal_metadata".* FROM "ar_internal_metadata" WHERE "ar_internal_metadata"."key" = ? LIMIT ?[0m  [["key", "environment"], ["LIMIT", 1]]
  [1m[35m (0.1ms)[0m  [1m[36mbegin transaction[0m
  [1m[35m (0.0ms)[0m  [1m[36mcommit transaction[0m
  [1m[35m (0.1ms)[0m  [1m[34mSELECT "schema_migrations"."version" FROM "schema_migrations" ORDER BY "schema_migrations"."version" ASC[0m
Started GET "/operations" for 127.0.0.1 at 2017-07-09 21:16:27 +0200
  [1m[35m (0.2ms)[0m  [1m[34mSELECT "schema_migrations"."version" FROM "schema_migrations" ORDER BY "schema_migrations"."version" ASC[0m
Processing by OperationsController#index as HTML
  Rendering operations/index.html.erb within layouts/application
  [1m[36mOperation Load (0.3ms)[0m  [1m[34mSELECT "operations".* FROM "operations"[0m
  Rendered operations/index.html.erb within layouts/application (4.1ms)
Completed 200 OK in 201ms (Views: 185.3ms | ActiveRecord: 0.6ms)


Started GET "/operations/new" for 127.0.0.1 at 2017-07-09 21:16:30 +0200
Processing by OperationsController#new as HTML
  Rendering operations/new.html.erb within layouts/application
  Rendered operations/_form.html.erb (29.0ms)
  Rendered operations/new.html.erb within layouts/application (30.8ms)
Completed 200 OK in 68ms (Views: 50.4ms | ActiveRecord: 0.6ms)


Started GET "/operations/new" for 127.0.0.1 at 2017-07-09 21:20:04 +0200
Processing by OperationsController#new as HTML
  Rendering operations/new.html.erb within layouts/application
  [1m[36mAccount Load (0.2ms)[0m  [1m[34mSELECT "accounts".* FROM "accounts"[0m
  [1m[36mOperationCategory Load (0.2ms)[0m  [1m[34mSELECT "operation_categories".* FROM "operation_categories"[0m
  Rendered operations/_form.html.erb (27.1ms)
  Rendered operations/new.html.erb within layouts/application (27.9ms)
Completed 200 OK in 61ms (Views: 40.5ms | ActiveRecord: 2.3ms)


Started POST "/operations" for 127.0.0.1 at 2017-07-09 21:20:41 +0200
Processing by OperationsController#create as HTML
  Parameters: {"utf8"=>"✓", "authenticity_token"=>"ZGbG/UGAJQdbquvny2E2J1+GLdSJ0VD6BVvtgBw/1tOzXByfrD6JVUgneF49pWFG84zfEyHgg7BdbrZ1XBQafQ==", "operation"=>{"account_id"=>"1", "operation_category_id"=>"2", "name"=>"operation caca", "original_name"=>"nope", "amount"=>"32.47", "operation_date(1i)"=>"2017", "operation_date(2i)"=>"7", "operation_date(3i)"=>"9", "value_date(1i)"=>"2017", "value_date(2i)"=>"7", "value_date(3i)"=>"9", "comment"=>"hello world"}, "commit"=>"Create Operation"}
  [1m[35m (0.1ms)[0m  [1m[36mbegin transaction[0m
  [1m[36mAccount Load (0.3ms)[0m  [1m[34mSELECT  "accounts".* FROM "accounts" WHERE "accounts"."id" = ? LIMIT ?[0m  [["id", 1], ["LIMIT", 1]]
  [1m[36mOperationCategory Load (0.1ms)[0m  [1m[34mSELECT  "operation_categories".* FROM "operation_categories" WHERE "operation_categories"."id" = ? LIMIT ?[0m  [["id", 2], ["LIMIT", 1]]
  [1m[35mSQL (0.2ms)[0m  [1m[32mINSERT INTO "operations" ("account_id", "operation_category_id", "name", "original_name", "amount", "operation_date", "value_date", "comment", "created_at", "updated_at") VALUES (?, ?, ?, ?, ?, ?, ?, ?, ?, ?)[0m  [["account_id", 1], ["operation_category_id", 2], ["name", "operation caca"], ["original_name", "nope"], ["amount", 32.47], ["operation_date", "2017-07-09"], ["value_date", "2017-07-09"], ["comment", "hello world"], ["created_at", "2017-07-09 19:20:41.880673"], ["updated_at", "2017-07-09 19:20:41.880673"]]
  [1m[35m (30.0ms)[0m  [1m[36mcommit transaction[0m
Redirected to http://localhost:3000/operations/1
Completed 302 Found in 86ms (ActiveRecord: 30.7ms)


Started GET "/operations/1" for 127.0.0.1 at 2017-07-09 21:20:41 +0200
Processing by OperationsController#show as HTML
  Parameters: {"id"=>"1"}
  [1m[36mOperation Load (0.2ms)[0m  [1m[34mSELECT  "operations".* FROM "operations" WHERE "operations"."id" = ? LIMIT ?[0m  [["id", 1], ["LIMIT", 1]]
  Rendering operations/show.html.erb within layouts/application
  Rendered operations/show.html.erb within layouts/application (0.9ms)
Completed 200 OK in 20ms (Views: 17.6ms | ActiveRecord: 0.2ms)


Started GET "/operations" for 127.0.0.1 at 2017-07-09 21:20:48 +0200
Processing by OperationsController#index as HTML
  Rendering operations/index.html.erb within layouts/application
  [1m[36mOperation Load (0.3ms)[0m  [1m[34mSELECT "operations".* FROM "operations"[0m
  Rendered operations/index.html.erb within layouts/application (2.7ms)
Completed 200 OK in 32ms (Views: 30.1ms | ActiveRecord: 0.3ms)


Started GET "/operations/1/edit" for 127.0.0.1 at 2017-07-09 21:20:51 +0200
Processing by OperationsController#edit as HTML
  Parameters: {"id"=>"1"}
  [1m[36mOperation Load (0.2ms)[0m  [1m[34mSELECT  "operations".* FROM "operations" WHERE "operations"."id" = ? LIMIT ?[0m  [["id", 1], ["LIMIT", 1]]
  Rendering operations/edit.html.erb within layouts/application
  [1m[36mAccount Load (0.2ms)[0m  [1m[34mSELECT "accounts".* FROM "accounts"[0m
  [1m[36mOperationCategory Load (0.1ms)[0m  [1m[34mSELECT "operation_categories".* FROM "operation_categories"[0m
  Rendered operations/_form.html.erb (9.4ms)
  Rendered operations/edit.html.erb within layouts/application (10.6ms)
Completed 200 OK in 46ms (Views: 43.2ms | ActiveRecord: 0.4ms)


Started PATCH "/operations/1" for 127.0.0.1 at 2017-07-09 21:20:55 +0200
Processing by OperationsController#update as HTML
  Parameters: {"utf8"=>"✓", "authenticity_token"=>"dzi5Vz8gKdNibXRg63yltIFAyxBGOMWtKU0u8++kLy1E+4RJXl9M4GiODyBimMuRqoXpto+vwidiTaPkaHyYjg==", "operation"=>{"account_id"=>"1", "operation_category_id"=>"2", "name"=>"operation caca", "original_name"=>"nope", "amount"=>"32.47.28", "operation_date(1i)"=>"2017", "operation_date(2i)"=>"7", "operation_date(3i)"=>"9", "value_date(1i)"=>"2017", "value_date(2i)"=>"7", "value_date(3i)"=>"9", "comment"=>"hello world"}, "commit"=>"Update Operation", "id"=>"1"}
  [1m[36mOperation Load (0.2ms)[0m  [1m[34mSELECT  "operations".* FROM "operations" WHERE "operations"."id" = ? LIMIT ?[0m  [["id", 1], ["LIMIT", 1]]
  [1m[35m (0.0ms)[0m  [1m[36mbegin transaction[0m
  [1m[36mAccount Load (0.1ms)[0m  [1m[34mSELECT  "accounts".* FROM "accounts" WHERE "accounts"."id" = ? LIMIT ?[0m  [["id", 1], ["LIMIT", 1]]
  [1m[36mOperationCategory Load (0.1ms)[0m  [1m[34mSELECT  "operation_categories".* FROM "operation_categories" WHERE "operation_categories"."id" = ? LIMIT ?[0m  [["id", 2], ["LIMIT", 1]]
  [1m[35mSQL (0.7ms)[0m  [1m[33mUPDATE "operations" SET "amount" = ?, "updated_at" = ? WHERE "operations"."id" = ?[0m  [["amount", 32.47], ["updated_at", "2017-07-09 19:20:55.965816"], ["id", 1]]
  [1m[35m (45.6ms)[0m  [1m[36mcommit transaction[0m
Redirected to http://localhost:3000/operations/1
Completed 302 Found in 55ms (ActiveRecord: 46.7ms)


Started GET "/operations/1" for 127.0.0.1 at 2017-07-09 21:20:56 +0200
Processing by OperationsController#show as HTML
  Parameters: {"id"=>"1"}
  [1m[36mOperation Load (0.1ms)[0m  [1m[34mSELECT  "operations".* FROM "operations" WHERE "operations"."id" = ? LIMIT ?[0m  [["id", 1], ["LIMIT", 1]]
  Rendering operations/show.html.erb within layouts/application
  Rendered operations/show.html.erb within layouts/application (0.9ms)
Completed 200 OK in 26ms (Views: 24.7ms | ActiveRecord: 0.1ms)


Started GET "/operations" for 127.0.0.1 at 2017-07-09 21:20:58 +0200
Processing by OperationsController#index as HTML
  Rendering operations/index.html.erb within layouts/application
  [1m[36mOperation Load (0.4ms)[0m  [1m[34mSELECT "operations".* FROM "operations"[0m
  Rendered operations/index.html.erb within layouts/application (2.7ms)
Completed 200 OK in 43ms (Views: 41.8ms | ActiveRecord: 0.4ms)


Started GET "/operations.json" for 127.0.0.1 at 2017-07-09 21:24:21 +0200
Processing by OperationsController#index as JSON
  Rendering operations/index.json.jbuilder
  [1m[36mOperation Load (0.2ms)[0m  [1m[34mSELECT "operations".* FROM "operations"[0m
  Rendered operations/_operation.json.jbuilder (0.6ms)
  Rendered operations/index.json.jbuilder (16.3ms)
Completed 200 OK in 19ms (Views: 17.8ms | ActiveRecord: 0.2ms)


Started GET "/operations/1.json" for 127.0.0.1 at 2017-07-09 21:24:27 +0200
Processing by OperationsController#show as JSON
  Parameters: {"id"=>"1"}
  [1m[36mOperation Load (0.1ms)[0m  [1m[34mSELECT  "operations".* FROM "operations" WHERE "operations"."id" = ? LIMIT ?[0m  [["id", 1], ["LIMIT", 1]]
  Rendering operations/show.json.jbuilder
  Rendered operations/_operation.json.jbuilder (0.7ms)
  Rendered operations/show.json.jbuilder (1.6ms)
Completed 200 OK in 5ms (Views: 2.9ms | ActiveRecord: 0.1ms)


Started GET "/operations/new" for 127.0.0.1 at 2017-07-09 21:24:34 +0200
Processing by OperationsController#new as HTML
  Rendering operations/new.html.erb within layouts/application
  [1m[36mAccount Load (0.2ms)[0m  [1m[34mSELECT "accounts".* FROM "accounts"[0m
  [1m[36mOperationCategory Load (0.1ms)[0m  [1m[34mSELECT "operation_categories".* FROM "operation_categories"[0m
  Rendered operations/_form.html.erb (13.4ms)
  Rendered operations/new.html.erb within layouts/application (14.8ms)
Completed 200 OK in 56ms (Views: 54.4ms | ActiveRecord: 0.3ms)


Started GET "/operations.json" for 127.0.0.1 at 2017-07-09 21:24:42 +0200
Processing by OperationsController#index as JSON
  Rendering operations/index.json.jbuilder
  [1m[36mOperation Load (0.2ms)[0m  [1m[34mSELECT "operations".* FROM "operations"[0m
  Rendered operations/_operation.json.jbuilder (0.9ms)
  Rendered operations/index.json.jbuilder (2.5ms)
Completed 200 OK in 6ms (Views: 4.0ms | ActiveRecord: 0.2ms)


